Determining if the pthread_create exist failed with the following output:
Change Dir: /home/thib/ridgeback-cartographer_ws/build/ceres-solver/CMakeFiles/CMakeTmp

Run Build Command:"/usr/bin/make" "cmTC_76bf0/fast"
/usr/bin/make -f CMakeFiles/cmTC_76bf0.dir/build.make CMakeFiles/cmTC_76bf0.dir/build
make[1]: Entering directory '/home/thib/ridgeback-cartographer_ws/build/ceres-solver/CMakeFiles/CMakeTmp'
Building C object CMakeFiles/cmTC_76bf0.dir/CheckSymbolExists.c.o
/usr/bin/cc     -o CMakeFiles/cmTC_76bf0.dir/CheckSymbolExists.c.o   -c /home/thib/ridgeback-cartographer_ws/build/ceres-solver/CMakeFiles/CMakeTmp/CheckSymbolExists.c
Linking C executable cmTC_76bf0
/usr/bin/cmake -E cmake_link_script CMakeFiles/cmTC_76bf0.dir/link.txt --verbose=1
/usr/bin/cc       CMakeFiles/cmTC_76bf0.dir/CheckSymbolExists.c.o  -o cmTC_76bf0 -rdynamic 
CMakeFiles/cmTC_76bf0.dir/CheckSymbolExists.c.o: In function `main':
CheckSymbolExists.c:(.text+0x16): undefined reference to `pthread_create'
collect2: error: ld returned 1 exit status
CMakeFiles/cmTC_76bf0.dir/build.make:97: recipe for target 'cmTC_76bf0' failed
make[1]: *** [cmTC_76bf0] Error 1
make[1]: Leaving directory '/home/thib/ridgeback-cartographer_ws/build/ceres-solver/CMakeFiles/CMakeTmp'
Makefile:126: recipe for target 'cmTC_76bf0/fast' failed
make: *** [cmTC_76bf0/fast] Error 2

File /home/thib/ridgeback-cartographer_ws/build/ceres-solver/CMakeFiles/CMakeTmp/CheckSymbolExists.c:
/* */
#include <pthread.h>

int main(int argc, char** argv)
{
  (void)argv;
#ifndef pthread_create
  return ((int*)(&pthread_create))[argc];
#else
  (void)argc;
  return 0;
#endif
}

Determining if the function pthread_create exists in the pthreads failed with the following output:
Change Dir: /home/thib/ridgeback-cartographer_ws/build/ceres-solver/CMakeFiles/CMakeTmp

Run Build Command:"/usr/bin/make" "cmTC_5c0c1/fast"
/usr/bin/make -f CMakeFiles/cmTC_5c0c1.dir/build.make CMakeFiles/cmTC_5c0c1.dir/build
make[1]: Entering directory '/home/thib/ridgeback-cartographer_ws/build/ceres-solver/CMakeFiles/CMakeTmp'
Building C object CMakeFiles/cmTC_5c0c1.dir/CheckFunctionExists.c.o
/usr/bin/cc    -DCHECK_FUNCTION_EXISTS=pthread_create   -o CMakeFiles/cmTC_5c0c1.dir/CheckFunctionExists.c.o   -c /usr/share/cmake-3.5/Modules/CheckFunctionExists.c
Linking C executable cmTC_5c0c1
/usr/bin/cmake -E cmake_link_script CMakeFiles/cmTC_5c0c1.dir/link.txt --verbose=1
/usr/bin/cc   -DCHECK_FUNCTION_EXISTS=pthread_create    CMakeFiles/cmTC_5c0c1.dir/CheckFunctionExists.c.o  -o cmTC_5c0c1 -rdynamic -lpthreads 
/usr/bin/ld: cannot find -lpthreads
collect2: error: ld returned 1 exit status
CMakeFiles/cmTC_5c0c1.dir/build.make:97: recipe for target 'cmTC_5c0c1' failed
make[1]: *** [cmTC_5c0c1] Error 1
make[1]: Leaving directory '/home/thib/ridgeback-cartographer_ws/build/ceres-solver/CMakeFiles/CMakeTmp'
Makefile:126: recipe for target 'cmTC_5c0c1/fast' failed
make: *** [cmTC_5c0c1/fast] Error 2


Determining if the include file unordered_map exists failed with the following output:
Change Dir: /home/thib/ridgeback-cartographer_ws/build/ceres-solver/CMakeFiles/CMakeTmp

Run Build Command:"/usr/bin/make" "cmTC_37801/fast"
/usr/bin/make -f CMakeFiles/cmTC_37801.dir/build.make CMakeFiles/cmTC_37801.dir/build
make[1]: Entering directory '/home/thib/ridgeback-cartographer_ws/build/ceres-solver/CMakeFiles/CMakeTmp'
Building CXX object CMakeFiles/cmTC_37801.dir/CheckIncludeFile.cxx.o
/usr/bin/c++     -fopenmp  -fopenmp   -o CMakeFiles/cmTC_37801.dir/CheckIncludeFile.cxx.o -c /home/thib/ridgeback-cartographer_ws/build/ceres-solver/CMakeFiles/CMakeTmp/CheckIncludeFile.cxx
In file included from /usr/include/c++/5/unordered_map:35:0,
                 from /home/thib/ridgeback-cartographer_ws/build/ceres-solver/CMakeFiles/CMakeTmp/CheckIncludeFile.cxx:1:
/usr/include/c++/5/bits/c++0x_warning.h:32:2: error: #error This file requires compiler and library support for the ISO C++ 2011 standard. This support must be enabled with the -std=c++11 or -std=gnu++11 compiler options.
 #error This file requires compiler and library support \
  ^
CMakeFiles/cmTC_37801.dir/build.make:65: recipe for target 'CMakeFiles/cmTC_37801.dir/CheckIncludeFile.cxx.o' failed
make[1]: *** [CMakeFiles/cmTC_37801.dir/CheckIncludeFile.cxx.o] Error 1
make[1]: Leaving directory '/home/thib/ridgeback-cartographer_ws/build/ceres-solver/CMakeFiles/CMakeTmp'
Makefile:126: recipe for target 'cmTC_37801/fast' failed
make: *** [cmTC_37801/fast] Error 2


Performing C++ SOURCE FILE Test HAVE_SHARED_PTR_IN_STD_NAMESPACE failed with the following output:
Change Dir: /home/thib/ridgeback-cartographer_ws/build/ceres-solver/CMakeFiles/CMakeTmp

Run Build Command:"/usr/bin/make" "cmTC_df282/fast"
/usr/bin/make -f CMakeFiles/cmTC_df282.dir/build.make CMakeFiles/cmTC_df282.dir/build
make[1]: Entering directory '/home/thib/ridgeback-cartographer_ws/build/ceres-solver/CMakeFiles/CMakeTmp'
Building CXX object CMakeFiles/cmTC_df282.dir/src.cxx.o
/usr/bin/c++     -fopenmp -DHAVE_SHARED_PTR_IN_STD_NAMESPACE  -fopenmp   -o CMakeFiles/cmTC_df282.dir/src.cxx.o -c /home/thib/ridgeback-cartographer_ws/build/ceres-solver/CMakeFiles/CMakeTmp/src.cxx
/home/thib/ridgeback-cartographer_ws/build/ceres-solver/CMakeFiles/CMakeTmp/src.cxx: In function ‘int main()’:
/home/thib/ridgeback-cartographer_ws/build/ceres-solver/CMakeFiles/CMakeTmp/src.cxx:3:34: error: ‘shared_ptr’ is not a member of ‘std’
                                  std::shared_ptr<int> int_ptr;
                                  ^
/home/thib/ridgeback-cartographer_ws/build/ceres-solver/CMakeFiles/CMakeTmp/src.cxx:3:50: error: expected primary-expression before ‘int’
                                  std::shared_ptr<int> int_ptr;
                                                  ^
CMakeFiles/cmTC_df282.dir/build.make:65: recipe for target 'CMakeFiles/cmTC_df282.dir/src.cxx.o' failed
make[1]: *** [CMakeFiles/cmTC_df282.dir/src.cxx.o] Error 1
make[1]: Leaving directory '/home/thib/ridgeback-cartographer_ws/build/ceres-solver/CMakeFiles/CMakeTmp'
Makefile:126: recipe for target 'cmTC_df282/fast' failed
make: *** [cmTC_df282/fast] Error 2

Source file was:
#include <memory>
                               int main() {
                                 std::shared_ptr<int> int_ptr;
                                 return 0;
                               }
Performing C++ SOURCE FILE Test HAVE_SHARED_PTR_IN_TR1_NAMESPACE failed with the following output:
Change Dir: /home/thib/ridgeback-cartographer_ws/build/ceres-solver/CMakeFiles/CMakeTmp

Run Build Command:"/usr/bin/make" "cmTC_072d6/fast"
/usr/bin/make -f CMakeFiles/cmTC_072d6.dir/build.make CMakeFiles/cmTC_072d6.dir/build
make[1]: Entering directory '/home/thib/ridgeback-cartographer_ws/build/ceres-solver/CMakeFiles/CMakeTmp'
Building CXX object CMakeFiles/cmTC_072d6.dir/src.cxx.o
/usr/bin/c++     -fopenmp -DHAVE_SHARED_PTR_IN_TR1_NAMESPACE  -fopenmp   -o CMakeFiles/cmTC_072d6.dir/src.cxx.o -c /home/thib/ridgeback-cartographer_ws/build/ceres-solver/CMakeFiles/CMakeTmp/src.cxx
/home/thib/ridgeback-cartographer_ws/build/ceres-solver/CMakeFiles/CMakeTmp/src.cxx: In function ‘int main()’:
/home/thib/ridgeback-cartographer_ws/build/ceres-solver/CMakeFiles/CMakeTmp/src.cxx:3:41: error: ‘std::tr1’ has not been declared
                                    std::tr1::shared_ptr<int> int_ptr;
                                         ^
/home/thib/ridgeback-cartographer_ws/build/ceres-solver/CMakeFiles/CMakeTmp/src.cxx:3:57: error: expected primary-expression before ‘int’
                                    std::tr1::shared_ptr<int> int_ptr;
                                                         ^
CMakeFiles/cmTC_072d6.dir/build.make:65: recipe for target 'CMakeFiles/cmTC_072d6.dir/src.cxx.o' failed
make[1]: *** [CMakeFiles/cmTC_072d6.dir/src.cxx.o] Error 1
make[1]: Leaving directory '/home/thib/ridgeback-cartographer_ws/build/ceres-solver/CMakeFiles/CMakeTmp'
Makefile:126: recipe for target 'cmTC_072d6/fast' failed
make: *** [cmTC_072d6/fast] Error 2

Source file was:
#include <memory>
                                 int main() {
                                   std::tr1::shared_ptr<int> int_ptr;
                                   return 0;
                                 }
